0 info it worked if it ends with ok
1 verbose cli [ '/usr/local/bin/node', '/usr/local/bin/npm', 'start' ]
2 info using npm@3.7.3
3 info using node@v5.4.0
4 verbose run-script [ 'prestart', 'start', 'poststart' ]
5 info lifecycle botengine@1.0.0~prestart: botengine@1.0.0
6 silly lifecycle botengine@1.0.0~prestart: no script for prestart, continuing
7 info lifecycle botengine@1.0.0~start: botengine@1.0.0
8 verbose lifecycle botengine@1.0.0~start: unsafe-perm in lifecycle true
9 verbose lifecycle botengine@1.0.0~start: PATH: /usr/local/lib/node_modules/npm/bin/node-gyp-bin:/Users/shijierao/Documents/fall2016/67-475/cycle-2/CareKit/BotEngine/node_modules/.bin:/usr/local/bin:/Users/shijierao/.rvm/gems/ruby-2.2.0/bin:/Users/shijierao/.rvm/gems/ruby-2.2.0@global/bin:/Users/shijierao/.rvm/rubies/ruby-2.2.0/bin:/usr/local/bin:/usr/bin:/bin:/usr/sbin:/sbin:/Library/TeX/texbin:/Users/shijierao/.rvm/bin
10 verbose lifecycle botengine@1.0.0~start: CWD: /Users/shijierao/Documents/fall2016/67-475/cycle-2/CareKit/BotEngine
11 silly lifecycle botengine@1.0.0~start: Args: [ '-c',
11 silly lifecycle   'nodemon index.js & lt --port 3004 --subdomain carekitbot' ]
12 silly lifecycle botengine@1.0.0~start: Returned: code: 1  signal: null
13 info lifecycle botengine@1.0.0~start: Failed to exec start script
14 verbose stack Error: botengine@1.0.0 start: `nodemon index.js & lt --port 3004 --subdomain carekitbot`
14 verbose stack Exit status 1
14 verbose stack     at EventEmitter.<anonymous> (/usr/local/lib/node_modules/npm/lib/utils/lifecycle.js:239:16)
14 verbose stack     at emitTwo (events.js:87:13)
14 verbose stack     at EventEmitter.emit (events.js:172:7)
14 verbose stack     at ChildProcess.<anonymous> (/usr/local/lib/node_modules/npm/lib/utils/spawn.js:24:14)
14 verbose stack     at emitTwo (events.js:87:13)
14 verbose stack     at ChildProcess.emit (events.js:172:7)
14 verbose stack     at maybeClose (internal/child_process.js:821:16)
14 verbose stack     at Process.ChildProcess._handle.onexit (internal/child_process.js:211:5)
15 verbose pkgid botengine@1.0.0
16 verbose cwd /Users/shijierao/Documents/fall2016/67-475/cycle-2/CareKit/BotEngine
17 error Darwin 15.6.0
18 error argv "/usr/local/bin/node" "/usr/local/bin/npm" "start"
19 error node v5.4.0
20 error npm  v3.7.3
21 error code ELIFECYCLE
22 error botengine@1.0.0 start: `nodemon index.js & lt --port 3004 --subdomain carekitbot`
22 error Exit status 1
23 error Failed at the botengine@1.0.0 start script 'nodemon index.js & lt --port 3004 --subdomain carekitbot'.
23 error Make sure you have the latest version of node.js and npm installed.
23 error If you do, this is most likely a problem with the botengine package,
23 error not with npm itself.
23 error Tell the author that this fails on your system:
23 error     nodemon index.js & lt --port 3004 --subdomain carekitbot
23 error You can get information on how to open an issue for this project with:
23 error     npm bugs botengine
23 error Or if that isn't available, you can get their info via:
23 error     npm owner ls botengine
23 error There is likely additional logging output above.
24 verbose exit [ 1, true ]
